\BOOKMARK [1][]{section.1}{\376\377\000T\000y\000t\000u\001\102}{}% 1
\BOOKMARK [2][]{subsection.1.1}{\376\377\000D\000e\000f\000i\000n\000i\000c\000j\000a\000\040\000i\000\040\000z\000a\000k\000r\000e\000s\000\040\000p\000r\000z\000e\000d\000m\000i\000o\000t\000o\000w\000y}{section.1}% 2
\BOOKMARK [2][]{subsection.1.2}{\376\377\000P\000o\000d\000s\000t\000a\000w\000y\000\040\000m\000e\000t\000o\000d\000o\000l\000o\000g\000i\000c\000z\000n\000e\000\040\000i\000\040\000r\000o\000l\000a\000\040\000B\000P\000M\000N}{section.1}% 3
\BOOKMARK [2][]{subsection.1.3}{\376\377\000Z\000n\000a\000c\000z\000e\000n\000i\000e\000\040\000d\000l\000a\000\040\000s\000t\000r\000u\000k\000t\000u\000r\000y\000\040\000d\000o\000k\000u\000m\000e\000n\000t\000u}{section.1}% 4
\BOOKMARK [1][]{section.2}{\376\377\000N\000a\000z\000w\000a\000\040\000k\000o\000d\000o\000w\000a}{}% 5
\BOOKMARK [2][]{subsection.2.1}{\376\377\000U\000z\000a\000s\000a\000d\000n\000i\000e\000n\000i\000e\000\040\000w\000y\000b\000o\000r\000u\000\040\000i\000\040\000p\000r\000a\000g\000m\000a\000t\000y\000k\000a\000\040\000i\000n\001\174\000y\000n\000i\000e\000r\000s\000k\000a}{section.2}% 6
\BOOKMARK [1][]{section.3}{\376\377\000C\000e\000l\000\040\000p\000r\000o\000j\000e\000k\000t\000u}{}% 7
\BOOKMARK [2][]{subsection.3.1}{\376\377\000O\000p\000t\000y\000m\000a\000l\000i\000z\000a\000c\000j\000a\000\040\000p\000r\000o\000c\000e\000s\000\363\000w\000\040\000o\000p\000e\000r\000a\000c\000y\000j\000n\000y\000c\000h\000\040\000i\000\040\000f\000i\000n\000a\000n\000s\000o\000w\000y\000c\000h}{section.3}% 8
\BOOKMARK [2][]{subsection.3.2}{\376\377\000W\000d\000r\000o\001\174\000e\000n\000i\000e\000\040\000u\000s\000t\000r\000u\000k\000t\000u\000r\000y\000z\000o\000w\000a\000n\000e\000g\000o\000\040\000m\000o\000d\000e\000l\000u\000\040\000w\000o\000r\000k\000f\000l\000o\000w}{section.3}% 9
\BOOKMARK [2][]{subsection.3.3}{\376\377\000Z\000a\000p\000e\000w\000n\000i\000e\000n\000i\000e\000\040\000b\000e\000z\000p\000i\000e\000c\000z\000e\001\104\000s\000t\000w\000a\000\040\000i\000\040\000z\000g\000o\000d\000n\000o\001\133\000c\000i\000\040\000p\000r\000a\000w\000n\000e\000j}{section.3}% 10
\BOOKMARK [1][]{section.4}{\376\377\000A\000n\000a\000l\000i\000z\000a\000\040\000w\000y\000m\000a\000g\000a\001\104}{}% 11
\BOOKMARK [2][]{subsection.4.1}{\376\377\000M\000e\000t\000o\000d\000o\000l\000o\000g\000i\000a\000\040\000i\000\040\000r\000a\000m\000y\000\040\000t\000e\000c\000h\000n\000i\000c\000z\000n\000e\000\040\000a\000n\000a\000l\000i\000z\000y}{section.4}% 12
\BOOKMARK [2][]{subsection.4.2}{\376\377\000W\000y\000m\000a\000g\000a\000n\000i\000a\000\040\000n\000i\000e\000f\000u\000n\000k\000c\000y\000j\000n\000e}{section.4}% 13
\BOOKMARK [1][]{section.5}{\376\377\000P\000r\000o\000c\000e\000s\000\040\000d\000e\000s\000z\000y\000f\000r\000o\000w\000a\000n\000i\000a\000\040\000i\000\040\000o\000d\000c\000z\000y\000t\000u\000\040\000w\000i\000a\000d\000o\000m\000o\001\133\000c\000i}{}% 14
\BOOKMARK [2][]{subsection.5.1}{\376\377\000A\000u\000t\000o\000r\000y\000z\000a\000c\000j\000a\000\040\000d\000o\000s\000t\001\031\000p\000u\000\040\000d\000o\000\040\000k\000l\000u\000c\000z\000a\000\040\000p\000r\000y\000w\000a\000t\000n\000e\000g\000o}{section.5}% 15
\BOOKMARK [2][]{subsection.5.2}{\376\377\000W\000e\000r\000y\000f\000i\000k\000a\000c\000j\000a\000\040\000k\000r\000y\000p\000t\000o\000g\000r\000a\000f\000i\000c\000z\000n\000a\000\040\000i\000\040\000s\000p\000r\000a\000w\000d\000z\000a\000n\000i\000e\000\040\000p\000o\000d\000p\000i\000s\000\363\000w}{section.5}% 16
\BOOKMARK [2][]{subsection.5.3}{\376\377\000O\000d\000z\000y\000s\000k\000a\000n\000i\000e\000\040\000d\000a\000n\000y\000c\000h\000\040\000j\000a\000w\000n\000y\000c\000h}{section.5}% 17
\BOOKMARK [1][]{section.6}{\376\377\000P\000o\000d\000s\000u\000m\000o\000w\000a\000n\000i\000e\000\040\000i\000\040\000w\000n\000i\000o\000s\000k\000i}{}% 18
\BOOKMARK [2][]{subsection.6.1}{\376\377\000R\000e\000a\000l\000i\000z\000a\000c\000j\000a\000\040\000c\000e\000l\000\363\000w\000\040\001\007\000w\000i\000c\000z\000e\000n\000i\000a}{section.6}% 19
\BOOKMARK [2][]{subsection.6.2}{\376\377\000O\000c\000e\000n\000a\000\040\000u\001\174\000y\000t\000e\000c\000z\000n\000o\001\133\000c\000i\000\040\001\133\000r\000o\000d\000o\000w\000i\000s\000k\000a\000\040\000G\000P\000G\0004\000w\000i\000n}{section.6}% 20
\BOOKMARK [2][]{subsection.6.3}{\376\377\000Z\000n\000a\000c\000z\000e\000n\000i\000e\000\040\000d\000l\000a\000\040\000b\000e\000z\000p\000i\000e\000c\000z\000e\001\104\000s\000t\000w\000a\000\040\000i\000n\000f\000o\000r\000m\000a\000c\000j\000i}{section.6}% 21
\BOOKMARK [1][]{subsection.6.3}{\376\377\000L\000i\000t\000e\000r\000a\000t\000u\000r\000a}{}% 22
\BOOKMARK [1][]{subsection.6.3}{\376\377\000S\000p\000i\000s\000\040\000r\000y\000s\000u\000n\000k\000\363\000w}{}% 23
\BOOKMARK [1][]{subsection.6.3}{\376\377\000S\000p\000i\000s\000\040\000t\000a\000b\000e\000l}{}% 24
\BOOKMARK [1][]{subsection.6.3}{\376\377\000S\000p\000i\000s\000\040\000l\000i\000s\000t\000i\000n\000g\000\363\000w}{}% 25
